2023-03-23 13:44:21,207 [INFO] Activator:176 - 


2023-03-23 13:44:21,209 [INFO] Activator:177 - !SESSION log4j initialized
2023-03-23 13:44:22,898 [INFO] LogOutputStream:77 - [STDOUT_REDIRECT] 
2023-03-23 13:44:52,261 [INFO] Activator:176 - 


2023-03-23 13:44:52,262 [INFO] Activator:177 - !SESSION log4j initialized
2023-03-23 13:44:54,489 [INFO] LogOutputStream:77 - [STDOUT_REDIRECT] 
2023-03-23 13:45:13,869 [ERROR] LogOutputStream:75 - [STDERR_REDIRECT] SLF4J: Failed to load class "org.slf4j.impl.StaticLoggerBinder".
2023-03-23 13:45:13,869 [ERROR] LogOutputStream:75 - [STDERR_REDIRECT] SLF4J: Defaulting to no-operation (NOP) logger implementation
2023-03-23 13:45:13,873 [ERROR] LogOutputStream:75 - [STDERR_REDIRECT] SLF4J: See http://www.slf4j.org/codes.html#StaticLoggerBinder for further details.
2023-03-23 14:45:16,461 [INFO] Activator:176 - 


2023-03-23 14:45:16,461 [INFO] Activator:177 - !SESSION log4j initialized
2023-03-23 14:45:19,359 [INFO] LogOutputStream:77 - [STDOUT_REDIRECT] 
2023-03-23 14:45:38,592 [ERROR] LogOutputStream:75 - [STDERR_REDIRECT] SLF4J: Failed to load class "org.slf4j.impl.StaticLoggerBinder".
2023-03-23 14:45:38,592 [ERROR] LogOutputStream:75 - [STDERR_REDIRECT] SLF4J: Defaulting to no-operation (NOP) logger implementation
2023-03-23 14:45:38,592 [ERROR] LogOutputStream:75 - [STDERR_REDIRECT] SLF4J: See http://www.slf4j.org/codes.html#StaticLoggerBinder for further details.
2023-03-23 15:20:16,763 [INFO] Activator:176 - 


2023-03-23 15:20:16,764 [INFO] Activator:177 - !SESSION log4j initialized
2023-03-23 15:20:19,578 [INFO] LogOutputStream:77 - [STDOUT_REDIRECT] 
2023-03-23 15:20:38,959 [ERROR] LogOutputStream:75 - [STDERR_REDIRECT] SLF4J: Failed to load class "org.slf4j.impl.StaticLoggerBinder".
2023-03-23 15:20:38,959 [ERROR] LogOutputStream:75 - [STDERR_REDIRECT] SLF4J: Defaulting to no-operation (NOP) logger implementation
2023-03-23 15:20:38,960 [ERROR] LogOutputStream:75 - [STDERR_REDIRECT] SLF4J: See http://www.slf4j.org/codes.html#StaticLoggerBinder for further details.
2023-03-23 15:31:42,061 [INFO] Activator:176 - 


2023-03-23 15:31:42,063 [INFO] Activator:177 - !SESSION log4j initialized
2023-03-23 15:31:46,617 [INFO] LogOutputStream:77 - [STDOUT_REDIRECT] 
2023-03-23 15:32:05,570 [ERROR] LogOutputStream:75 - [STDERR_REDIRECT] SLF4J: Failed to load class "org.slf4j.impl.StaticLoggerBinder".
2023-03-23 15:32:05,571 [ERROR] LogOutputStream:75 - [STDERR_REDIRECT] SLF4J: Defaulting to no-operation (NOP) logger implementation
2023-03-23 15:32:05,573 [ERROR] LogOutputStream:75 - [STDERR_REDIRECT] SLF4J: See http://www.slf4j.org/codes.html#StaticLoggerBinder for further details.
2023-03-23 15:32:18,030 [INFO] ApplicationProperties:184 - Using Application install path: C:\ST\STM32CubeIDE_1.11.2\STM32CubeIDE\plugins\com.st.stm32cube.common.mx_6.8.0.202302231600
2023-03-23 15:32:18,048 [INFO] DbMcusXml:78 - Set database path to: C:\ST\STM32CubeIDE_1.11.2\STM32CubeIDE\plugins\com.st.stm32cube.common.mx_6.8.0.202302231600\\db\/mcu/
2023-03-23 15:32:18,048 [INFO] ApiDb:274 - Set plugin database path to: C:\ST\STM32CubeIDE_1.11.2\STM32CubeIDE\plugins\com.st.stm32cube.common.mx_6.8.0.202302231600\\db\/plugins/boardmanager/
2023-03-23 15:32:18,049 [WARN] ApiDb:259 - Overriding images path with different value:  => C:\ST\STM32CubeIDE_1.11.2\STM32CubeIDE\plugins\com.st.stm32cube.common.mx_6.8.0.202302231600\\db\/plugins/mcufinder/images/
2023-03-23 15:32:18,065 [INFO] ApiDb:250 - Set database path to: C:\Users\brans\.stmcufinder\plugins\mcufinder//mcu/
2023-03-23 15:32:18,067 [INFO] DbMcusAds:125 - Set database path to: C:\Users\brans\.stmcufinder\plugins\mcufinder//mcu/
2023-03-23 15:32:18,092 [INFO] CrossReferenceDbSqlite:203 - Set database path to: C:\Users\brans\.stmcufinder\plugins\mcufinder//mcu/cs/
2023-03-23 15:32:18,197 [INFO] RulesReader:64 - Compatibility file has been processed (293 Rules)
2023-03-23 15:32:18,271 [INFO] DbMcusXml:78 - Set database path to: C:\ST\STM32CubeIDE_1.11.2\STM32CubeIDE\plugins\com.st.stm32cube.common.mx_6.8.0.202302231600\\db\/mcu/
2023-03-23 15:32:18,272 [INFO] ApiDb:274 - Set plugin database path to: C:\ST\STM32CubeIDE_1.11.2\STM32CubeIDE\plugins\com.st.stm32cube.common.mx_6.8.0.202302231600\\db\/plugins/boardmanager/
2023-03-23 15:32:18,272 [INFO] ApiDb:261 - Set plugin images path to: C:\ST\STM32CubeIDE_1.11.2\STM32CubeIDE\plugins\com.st.stm32cube.common.mx_6.8.0.202302231600\\db\/plugins/mcufinder/images/
2023-03-23 15:32:18,272 [WARN] DbFile:41 - Overriding database path with different value: C:\Users\brans\.stmcufinder\plugins\mcufinder/ => C:\Users\brans\.stmcufinder\plugins\mcufinder
2023-03-23 15:32:18,272 [INFO] ApiDb:250 - Set database path to: C:\Users\brans\.stmcufinder\plugins\mcufinder//mcu/
2023-03-23 15:32:18,272 [WARN] DbFile:41 - Overriding database path with different value: C:\Users\brans\.stmcufinder\plugins\mcufinder/ => C:\Users\brans\.stmcufinder\plugins\mcufinder
2023-03-23 15:32:18,272 [INFO] DbMcusAds:125 - Set database path to: C:\Users\brans\.stmcufinder\plugins\mcufinder//mcu/
2023-03-23 15:32:18,278 [WARN] DbFile:41 - Overriding database path with different value: C:\Users\brans\.stmcufinder\plugins\mcufinder/ => C:\Users\brans\.stmcufinder\plugins\mcufinder
2023-03-23 15:32:18,280 [WARN] DbFile:41 - Overriding database path with different value: C:\Users\brans\.stmcufinder\plugins\mcufinder/ => C:\Users\brans\.stmcufinder\plugins\mcufinder
2023-03-23 15:32:18,280 [INFO] CrossReferenceDbSqlite:203 - Set database path to: C:\Users\brans\.stmcufinder\plugins\mcufinder//mcu/cs/
2023-03-23 15:32:18,344 [INFO] MainPanel:253 - HeapMemory: 314572800
2023-03-23 15:32:18,441 [INFO] DbMcusXml:78 - Set database path to: C:\ST\STM32CubeIDE_1.11.2\STM32CubeIDE\plugins\com.st.stm32cube.common.mx_6.8.0.202302231600\\db\/mcu/
2023-03-23 15:32:18,441 [INFO] ApiDb:274 - Set plugin database path to: C:\ST\STM32CubeIDE_1.11.2\STM32CubeIDE\plugins\com.st.stm32cube.common.mx_6.8.0.202302231600\\db\/plugins/boardmanager/
2023-03-23 15:32:18,441 [INFO] ApiDb:261 - Set plugin images path to: C:\ST\STM32CubeIDE_1.11.2\STM32CubeIDE\plugins\com.st.stm32cube.common.mx_6.8.0.202302231600\\db\/plugins/mcufinder/images/
2023-03-23 15:32:18,442 [WARN] DbFile:41 - Overriding database path with different value: C:\Users\brans\.stmcufinder\plugins\mcufinder/ => C:\Users\brans\.stmcufinder\plugins\mcufinder
2023-03-23 15:32:18,442 [INFO] ApiDb:250 - Set database path to: C:\Users\brans\.stmcufinder\plugins\mcufinder//mcu/
2023-03-23 15:32:18,442 [WARN] DbFile:41 - Overriding database path with different value: C:\Users\brans\.stmcufinder\plugins\mcufinder/ => C:\Users\brans\.stmcufinder\plugins\mcufinder
2023-03-23 15:32:18,442 [INFO] DbMcusAds:125 - Set database path to: C:\Users\brans\.stmcufinder\plugins\mcufinder//mcu/
2023-03-23 15:32:18,442 [WARN] DbFile:41 - Overriding database path with different value: C:\Users\brans\.stmcufinder\plugins\mcufinder/ => C:\Users\brans\.stmcufinder\plugins\mcufinder
2023-03-23 15:32:18,442 [WARN] DbFile:41 - Overriding database path with different value: C:\Users\brans\.stmcufinder\plugins\mcufinder/ => C:\Users\brans\.stmcufinder\plugins\mcufinder
2023-03-23 15:32:18,442 [INFO] CrossReferenceDbSqlite:203 - Set database path to: C:\Users\brans\.stmcufinder\plugins\mcufinder//mcu/cs/
2023-03-23 15:32:18,462 [INFO] ApplicationProperties:184 - Using Application install path: C:\ST\STM32CubeIDE_1.11.2\STM32CubeIDE\plugins\com.st.stm32cube.common.mx_6.8.0.202302231600
2023-03-23 15:32:18,464 [INFO] PluginManage:196 - Search for loadable plugins [exclusion list=, ]
2023-03-23 15:32:18,465 [INFO] PluginManage:310 - Check plugin analytics
2023-03-23 15:32:18,628 [INFO] AnalyticsPlugin:253 - Accepted Software Licenses: STM32CubeMX.6.8.0
2023-03-23 15:32:18,629 [INFO] AnalyticsPlugin:255 - Accepted CMSIS Pack Licenses: 
2023-03-23 15:32:18,629 [INFO] AnalyticsPlugin:257 - Accepted Firmware Licenses: FW.G4.1.5.0
2023-03-23 15:32:18,634 [INFO] PluginManage:359 - Loaded plugin analytics (category:tool,tabindex:-1)
2023-03-23 15:32:18,635 [INFO] PluginManage:310 - Check plugin cadmodel
2023-03-23 15:32:18,646 [INFO] CADModel:105 - Init CAD model plugin
2023-03-23 15:32:18,646 [INFO] PluginManage:359 - Loaded plugin cadmodel (category:power,tabindex:5)
2023-03-23 15:32:18,646 [INFO] PluginManage:310 - Check plugin clock
2023-03-23 15:32:18,660 [INFO] PluginManage:359 - Loaded plugin clock (category:base,tabindex:2)
2023-03-23 15:32:18,660 [INFO] PluginManage:310 - Check plugin ddr
2023-03-23 15:32:18,662 [INFO] PluginManage:359 - Loaded plugin ddr (category:tool,tabindex:6)
2023-03-23 15:32:18,662 [INFO] PluginManage:310 - Check plugin filemanager
2023-03-23 15:32:18,762 [INFO] PluginManage:359 - Loaded plugin filemanager (category:base,tabindex:10)
2023-03-23 15:32:18,762 [INFO] PluginManage:310 - Check plugin ipmanager
2023-03-23 15:32:18,767 [INFO] PluginManage:359 - Loaded plugin ipmanager (category:base,tabindex:5)
2023-03-23 15:32:18,767 [INFO] PluginManage:310 - Check plugin lpbam
2023-03-23 15:32:18,779 [INFO] PluginManage:359 - Loaded plugin lpbam (category:base,tabindex:0)
2023-03-23 15:32:18,779 [INFO] PluginManage:310 - Check plugin pinoutandconfiguration
2023-03-23 15:32:18,791 [INFO] PluginManage:359 - Loaded plugin pinoutandconfiguration (category:base,tabindex:1)
2023-03-23 15:32:18,791 [INFO] PluginManage:310 - Check plugin pinoutconfig
2023-03-23 15:32:18,859 [WARN] SupportedApi:132 - Cannot load RTOS API schema: s4s-elt-must-match.1: The content of 'definitions' must match (annotation?, (simpleType | complexType)?, (unique | key | keyref)*)). A problem was found starting at: attribute.
2023-03-23 15:32:18,973 [INFO] PluginManage:359 - Loaded plugin pinoutconfig (category:base,tabindex:0)
2023-03-23 15:32:18,973 [INFO] PluginManage:310 - Check plugin power
2023-03-23 15:32:18,988 [INFO] PluginManage:359 - Loaded plugin power (category:power,tabindex:4)
2023-03-23 15:32:18,988 [INFO] PluginManage:310 - Check plugin projectmanager
2023-03-23 15:32:18,999 [INFO] PluginManage:359 - Loaded plugin projectmanager (category:projectmanager,tabindex:3)
2023-03-23 15:32:18,999 [INFO] PluginManage:310 - Check plugin thirdparty
2023-03-23 15:32:19,161 [WARN] IntegrityCheckThread:84 - waiting for thirdparty lock release [integrity check]
2023-03-23 15:32:19,161 [INFO] PluginManage:359 - Loaded plugin thirdparty (category:base,tabindex:-1)
2023-03-23 15:32:19,161 [INFO] IntegrityCheckThread:86 - entering critical section [integrity check]
2023-03-23 15:32:19,161 [INFO] PluginManage:310 - Check plugin tools
2023-03-23 15:32:19,163 [INFO] ThirdPartyUpdaterWithRetryManager:70 - Updater plugin not ready yet. [1/15]
2023-03-23 15:32:19,179 [INFO] PluginManage:359 - Loaded plugin tools (category:base,tabindex:7)
2023-03-23 15:32:19,179 [INFO] PluginManage:310 - Check plugin tutovideos
2023-03-23 15:32:19,335 [INFO] PluginManage:359 - Loaded plugin tutovideos (category:base,tabindex:-1)
2023-03-23 15:32:19,335 [INFO] PluginManage:310 - Check plugin updater
2023-03-23 15:32:19,346 [INFO] PluginManage:359 - Loaded plugin updater (category:base,tabindex:12)
2023-03-23 15:32:19,346 [INFO] PluginManage:283 - PluginManage : Loaded plugins [15]
2023-03-23 15:32:19,524 [INFO] PinOutPanel:1499 - setPackage(No Configuration,No Configuration)
2023-03-23 15:32:19,571 [INFO] CADModel:165 - CPN selected for project level
2023-03-23 15:32:19,572 [INFO] CADModel:114 - Register for checkConnection events
2023-03-23 15:32:19,591 [INFO] IPUIPlugin:80 - create IPUIPlugin
2023-03-23 15:32:19,591 [INFO] PluginManager:220 - loadIPPluginJar : add adc
2023-03-23 15:32:19,611 [INFO] IPUIPlugin:80 - create IPUIPlugin
2023-03-23 15:32:19,612 [INFO] PluginManager:220 - loadIPPluginJar : add aes
2023-03-23 15:32:19,634 [INFO] IPUIPlugin:80 - create IPUIPlugin
2023-03-23 15:32:19,634 [INFO] PluginManager:220 - loadIPPluginJar : add can
2023-03-23 15:32:19,647 [INFO] IPUIPlugin:80 - create IPUIPlugin
2023-03-23 15:32:19,647 [INFO] PluginManager:220 - loadIPPluginJar : add comp
2023-03-23 15:32:19,669 [INFO] IPUIPlugin:80 - create IPUIPlugin
2023-03-23 15:32:19,669 [INFO] PluginManager:220 - loadIPPluginJar : add cryp
2023-03-23 15:32:19,686 [INFO] IPUIPlugin:80 - create IPUIPlugin
2023-03-23 15:32:19,686 [INFO] PluginManager:220 - loadIPPluginJar : add dfsdm
2023-03-23 15:32:19,696 [INFO] IPUIPlugin:80 - create IPUIPlugin
2023-03-23 15:32:19,697 [INFO] PluginManager:220 - loadIPPluginJar : add dma
2023-03-23 15:32:19,720 [INFO] IPUIPlugin:80 - create IPUIPlugin
2023-03-23 15:32:19,721 [INFO] PluginManager:220 - loadIPPluginJar : add dma3
2023-03-23 15:32:19,731 [INFO] IPUIPlugin:80 - create IPUIPlugin
2023-03-23 15:32:19,731 [INFO] PluginManager:220 - loadIPPluginJar : add fatfs
2023-03-23 15:32:19,758 [INFO] IPUIPlugin:80 - create IPUIPlugin
2023-03-23 15:32:19,758 [INFO] PluginManager:220 - loadIPPluginJar : add fmc
2023-03-23 15:32:19,772 [INFO] IPUIPlugin:80 - create IPUIPlugin
2023-03-23 15:32:19,772 [INFO] PluginManager:220 - loadIPPluginJar : add freertos
2023-03-23 15:32:19,784 [INFO] IPUIPlugin:80 - create IPUIPlugin
2023-03-23 15:32:19,784 [INFO] PluginManager:220 - loadIPPluginJar : add genericplugin
2023-03-23 15:32:19,832 [INFO] IPUIPlugin:80 - create IPUIPlugin
2023-03-23 15:32:19,832 [INFO] PluginManager:220 - loadIPPluginJar : add gfxmmu
2023-03-23 15:32:19,910 [INFO] IPUIPlugin:80 - create IPUIPlugin
2023-03-23 15:32:19,911 [INFO] PluginManager:220 - loadIPPluginJar : add gic
2023-03-23 15:32:19,920 [INFO] IPUIPlugin:80 - create IPUIPlugin
2023-03-23 15:32:19,920 [INFO] PluginManager:220 - loadIPPluginJar : add gpio
2023-03-23 15:32:19,989 [INFO] IPUIPlugin:80 - create IPUIPlugin
2023-03-23 15:32:19,989 [INFO] PluginManager:220 - loadIPPluginJar : add gtzc
2023-03-23 15:32:20,011 [INFO] IPUIPlugin:80 - create IPUIPlugin
2023-03-23 15:32:20,011 [INFO] PluginManager:220 - loadIPPluginJar : add hash
2023-03-23 15:32:20,048 [INFO] IPUIPlugin:80 - create IPUIPlugin
2023-03-23 15:32:20,048 [INFO] PluginManager:220 - loadIPPluginJar : add i2c
2023-03-23 15:32:20,070 [INFO] IPUIPlugin:80 - create IPUIPlugin
2023-03-23 15:32:20,070 [INFO] PluginManager:220 - loadIPPluginJar : add i2s
2023-03-23 15:32:20,096 [INFO] IPUIPlugin:80 - create IPUIPlugin
2023-03-23 15:32:20,096 [INFO] PluginManager:220 - loadIPPluginJar : add i3c
2023-03-23 15:32:20,166 [INFO] IPUIPlugin:80 - create IPUIPlugin
2023-03-23 15:32:20,166 [INFO] PluginManager:220 - loadIPPluginJar : add ipddr
2023-03-23 15:32:20,221 [INFO] IPUIPlugin:80 - create IPUIPlugin
2023-03-23 15:32:20,221 [INFO] PluginManager:220 - loadIPPluginJar : add linkedlist
2023-03-23 15:32:20,241 [INFO] IPUIPlugin:80 - create IPUIPlugin
2023-03-23 15:32:20,241 [INFO] PluginManager:220 - loadIPPluginJar : add lorawan
2023-03-23 15:32:20,261 [INFO] IPUIPlugin:80 - create IPUIPlugin
2023-03-23 15:32:20,261 [INFO] PluginManager:220 - loadIPPluginJar : add ltdc
2023-03-23 15:32:20,271 [INFO] IPUIPlugin:80 - create IPUIPlugin
2023-03-23 15:32:20,271 [INFO] PluginManager:220 - loadIPPluginJar : add mdma
2023-03-23 15:32:20,280 [INFO] IPUIPlugin:80 - create IPUIPlugin
2023-03-23 15:32:20,280 [INFO] PluginManager:220 - loadIPPluginJar : add nvic
2023-03-23 15:32:20,300 [INFO] IPUIPlugin:80 - create IPUIPlugin
2023-03-23 15:32:20,300 [INFO] PluginManager:220 - loadIPPluginJar : add opamp
2023-03-23 15:32:20,332 [INFO] IPUIPlugin:80 - create IPUIPlugin
2023-03-23 15:32:20,333 [INFO] PluginManager:220 - loadIPPluginJar : add openamp
2023-03-23 15:32:20,356 [INFO] IPUIPlugin:80 - create IPUIPlugin
2023-03-23 15:32:20,356 [INFO] PluginManager:220 - loadIPPluginJar : add pdm2pcm
2023-03-23 15:32:20,367 [INFO] IPUIPlugin:80 - create IPUIPlugin
2023-03-23 15:32:20,369 [INFO] PluginManager:220 - loadIPPluginJar : add plateformsettings
2023-03-23 15:32:20,380 [INFO] IPUIPlugin:80 - create IPUIPlugin
2023-03-23 15:32:20,380 [INFO] PluginManager:220 - loadIPPluginJar : add quadspi
2023-03-23 15:32:20,388 [INFO] IPUIPlugin:80 - create IPUIPlugin
2023-03-23 15:32:20,388 [INFO] PluginManager:220 - loadIPPluginJar : add resmgrutility
2023-03-23 15:32:20,415 [INFO] IPUIPlugin:80 - create IPUIPlugin
2023-03-23 15:32:20,415 [INFO] PluginManager:220 - loadIPPluginJar : add sai
2023-03-23 15:32:20,434 [INFO] IPUIPlugin:80 - create IPUIPlugin
2023-03-23 15:32:20,434 [INFO] PluginManager:220 - loadIPPluginJar : add spi
2023-03-23 15:32:20,467 [INFO] IPUIPlugin:80 - create IPUIPlugin
2023-03-23 15:32:20,467 [INFO] PluginManager:220 - loadIPPluginJar : add stm32_wpan
2023-03-23 15:32:20,479 [INFO] IPUIPlugin:80 - create IPUIPlugin
2023-03-23 15:32:20,479 [INFO] PluginManager:220 - loadIPPluginJar : add tim
2023-03-23 15:32:20,510 [INFO] IPUIPlugin:80 - create IPUIPlugin
2023-03-23 15:32:20,510 [INFO] PluginManager:220 - loadIPPluginJar : add touchsensing
2023-03-23 15:32:20,522 [INFO] IPUIPlugin:80 - create IPUIPlugin
2023-03-23 15:32:20,522 [INFO] PluginManager:220 - loadIPPluginJar : add tracer_emb
2023-03-23 15:32:20,534 [INFO] IPUIPlugin:80 - create IPUIPlugin
2023-03-23 15:32:20,534 [INFO] PluginManager:220 - loadIPPluginJar : add ts
2023-03-23 15:32:20,545 [INFO] IPUIPlugin:80 - create IPUIPlugin
2023-03-23 15:32:20,545 [INFO] PluginManager:220 - loadIPPluginJar : add tsc
2023-03-23 15:32:20,556 [INFO] IPUIPlugin:80 - create IPUIPlugin
2023-03-23 15:32:20,556 [INFO] PluginManager:220 - loadIPPluginJar : add ucpd
2023-03-23 15:32:20,579 [INFO] IPUIPlugin:80 - create IPUIPlugin
2023-03-23 15:32:20,579 [INFO] PluginManager:220 - loadIPPluginJar : add usart
2023-03-23 15:32:20,603 [INFO] IPUIPlugin:80 - create IPUIPlugin
2023-03-23 15:32:20,603 [INFO] PluginManager:220 - loadIPPluginJar : add usbx
2023-03-23 15:32:20,715 [INFO] CADModel:165 - CPN selected for project level
2023-03-23 15:32:20,715 [INFO] CADModel:114 - Register for checkConnection events
2023-03-23 15:32:20,715 [FATAL] Updater:308 - Updater called before beeing initialized
2023-03-23 15:32:20,715 [ERROR] CADModel:125 - Updater not yet initialized, retry later 
2023-03-23 15:32:20,828 [INFO] CADModel:165 - CPN selected for project level
2023-03-23 15:32:20,828 [INFO] CADModel:114 - Register for checkConnection events
2023-03-23 15:32:20,828 [FATAL] Updater:308 - Updater called before beeing initialized
2023-03-23 15:32:20,828 [ERROR] CADModel:125 - Updater not yet initialized, retry later 
2023-03-23 15:32:20,831 [FATAL] Updater:308 - Updater called before beeing initialized
2023-03-23 15:32:20,924 [FATAL] Updater:308 - Updater called before beeing initialized
2023-03-23 15:32:20,936 [INFO] DbMcusAds:53 - JSON generation date=Tue Mar 07 01:50:55 MST 2023 (1678179055114)
2023-03-23 15:32:20,936 [FATAL] Updater:308 - Updater called before beeing initialized
2023-03-23 15:32:21,012 [WARN] DetailPanel:346 - Failed to get advertising image, set to default
2023-03-23 15:32:21,102 [FATAL] Updater:308 - Updater called before beeing initialized
2023-03-23 15:32:21,104 [FATAL] Updater:308 - Updater called before beeing initialized
2023-03-23 15:32:21,104 [FATAL] Updater:308 - Updater called before beeing initialized
2023-03-23 15:32:21,104 [WARN] DetailPanel:346 - Failed to get advertising image, set to default
2023-03-23 15:32:21,105 [FATAL] Updater:308 - Updater called before beeing initialized
2023-03-23 15:32:21,148 [ERROR] Updater:1120 - MainUpdater not yet initialized. External WinMGr cannot be set.
2023-03-23 15:32:21,154 [INFO] Updater:1056 - Updater Version found : 6.8.0
2023-03-23 15:32:21,168 [INFO] ApplicationProperties:184 - Using Application install path: C:\ST\STM32CubeIDE_1.11.2\STM32CubeIDE\plugins\com.st.stm32cube.common.mx_6.8.0.202302231600
2023-03-23 15:32:21,764 [INFO] MainUpdater:2854 - connection check result : 10
2023-03-23 15:32:21,764 [INFO] MainUpdater:283 - Updater Check For Update Now.
2023-03-23 15:32:21,765 [INFO] MicroXplorer:498 - Change Database Version : DB.6.0.80
2023-03-23 15:32:21,922 [INFO] CheckServerUpdateThread:120 - End of CheckServer Thread
2023-03-23 15:32:21,998 [INFO] MainUpdater:2854 - connection check result : 10
2023-03-23 15:32:22,012 [INFO] MenuBar:427 - Manual Refresh Data
2023-03-23 15:32:22,012 [INFO] FinderAction:100 - Refresh Data: download all database files
2023-03-23 15:32:22,174 [WARN] MainUpdater:1187 - Updater busy. Cannot search thirdparties
2023-03-23 15:32:22,174 [INFO] ThirdPartyUpdaterWithRetryManager:96 - Updater plugin is busy. [1/15]
2023-03-23 15:32:22,574 [INFO] ServerAccessManage:473 - Download File mcusAds.json._tmp_
2023-03-23 15:32:22,682 [INFO] LoadUrlFilesThread:156 - End of LoadUrlFiles Thread
2023-03-23 15:32:23,763 [INFO] ServerAccessManage:473 - Download File cube-finder-db.zip
2023-03-23 15:32:25,180 [WARN] MainUpdater:1187 - Updater busy. Cannot search thirdparties
2023-03-23 15:32:25,180 [INFO] ThirdPartyUpdaterWithRetryManager:96 - Updater plugin is busy. [2/15]
2023-03-23 15:32:27,690 [INFO] FileExtend:240 - Unzip File : cube-finder-db.zip
2023-03-23 15:32:27,691 [INFO] FileExtend:255 - Standard Zip Deflate
2023-03-23 15:32:28,193 [WARN] MainUpdater:1187 - Updater busy. Cannot search thirdparties
2023-03-23 15:32:28,193 [INFO] ThirdPartyUpdaterWithRetryManager:96 - Updater plugin is busy. [3/15]
2023-03-23 15:32:28,230 [INFO] LoadUrlFilesThread:156 - End of LoadUrlFiles Thread
2023-03-23 15:32:29,036 [INFO] ServerAccessManage:473 - Download File crdb.zip
2023-03-23 15:32:29,916 [INFO] FileExtend:240 - Unzip File : crdb.zip
2023-03-23 15:32:29,916 [INFO] FileExtend:255 - Standard Zip Deflate
2023-03-23 15:32:30,038 [INFO] LoadUrlFilesThread:156 - End of LoadUrlFiles Thread
2023-03-23 15:32:31,079 [INFO] ServerAccessManage:473 - Download File tutoVideoDB.zip
2023-03-23 15:32:31,092 [INFO] FileExtend:240 - Unzip File : tutoVideoDB.zip
2023-03-23 15:32:31,092 [INFO] FileExtend:255 - Standard Zip Deflate
2023-03-23 15:32:31,195 [WARN] MainUpdater:1187 - Updater busy. Cannot search thirdparties
2023-03-23 15:32:31,195 [INFO] ThirdPartyUpdaterWithRetryManager:96 - Updater plugin is busy. [4/15]
2023-03-23 15:32:31,215 [INFO] LoadUrlFilesThread:156 - End of LoadUrlFiles Thread
2023-03-23 15:32:31,219 [WARN] DbFile:41 - Overriding database path with different value: C:\Users\brans\.stmcufinder\plugins\mcufinder/ => C:\Users\brans\.stmcufinder\plugins\mcufinder
2023-03-23 15:32:31,772 [INFO] ServerAccessManage:473 - Download File api_config.json
2023-03-23 15:32:31,893 [INFO] LoadUrlFilesThread:156 - End of LoadUrlFiles Thread
2023-03-23 15:32:31,893 [INFO] DbMcusAds:53 - JSON generation date=Tue Mar 07 01:50:55 MST 2023 (1678179055114)
2023-03-23 15:32:31,909 [INFO] LoadUrlFilesThread:185 - End of LoadServerUrlFiles without Thread
2023-03-23 15:32:31,909 [INFO] FinderAction:110 - Refresh all data is successful
2023-03-23 15:32:34,311 [WARN] PackLoader:240 - Cannot read IP mode file for STMicroelectronics.X-CUBE-GNSS1.6.0.0
2023-03-23 15:32:34,339 [WARN] PackLoader:240 - Cannot read IP mode file for STMicroelectronics.X-CUBE-AZRTOS-F4.1.1.0
2023-03-23 15:32:34,371 [WARN] PackLoader:240 - Cannot read IP mode file for STMicroelectronics.X-CUBE-AZRTOS-F7.1.1.0
2023-03-23 15:32:34,383 [WARN] PackLoader:240 - Cannot read IP mode file for STMicroelectronics.X-CUBE-BLE1.6.2.4
2023-03-23 15:32:34,397 [WARN] PackLoader:240 - Cannot read IP mode file for emotas.I-CUBE-CANOPEN.1.1.3
2023-03-23 15:32:34,409 [WARN] PackLoader:240 - Cannot read IP mode file for STMicroelectronics.X-CUBE-BLEMGR.2.0.0
2023-03-23 15:32:34,425 [WARN] PackLoader:240 - Cannot read IP mode file for STMicroelectronics.X-CUBE-DISPLAY.3.0.0
2023-03-23 15:32:34,435 [WARN] PackLoader:240 - Cannot read IP mode file for wolfSSL.I-CUBE-wolfSSL.5.5.4
2023-03-23 15:32:34,443 [WARN] PackLoader:240 - Cannot read IP mode file for STMicroelectronics.X-CUBE-NFC7.1.0.0
2023-03-23 15:32:34,451 [WARN] PackLoader:240 - Cannot read IP mode file for STMicroelectronics.X-CUBE-EEPRMA1.4.1.0
2023-03-23 15:32:34,461 [WARN] PackLoader:240 - Cannot read IP mode file for WES.I-CUBE-Cesium.1.3.0
2023-03-23 15:32:34,469 [WARN] PackLoader:240 - Cannot read IP mode file for STMicroelectronics.X-CUBE-SFXS2LP1.4.0.0
2023-03-23 15:32:34,483 [WARN] PackLoader:240 - Cannot read IP mode file for STMicroelectronics.X-CUBE-BLE2.3.3.0
2023-03-23 15:32:34,499 [WARN] PackLoader:240 - Cannot read IP mode file for STMicroelectronics.X-CUBE-TOF1.3.2.0
2023-03-23 15:32:34,536 [WARN] PackLoader:240 - Cannot read IP mode file for STMicroelectronics.X-CUBE-AZRTOS-H7.3.0.0
2023-03-23 15:32:34,552 [WARN] PackLoader:240 - Cannot read IP mode file for STMicroelectronics.X-CUBE-ISPU.1.1.0
2023-03-23 15:32:34,567 [WARN] PackLoader:240 - Cannot read IP mode file for RoweBots.I-CUBE-UNISONRTOS.5.5.0-4
2023-03-23 15:32:34,579 [WARN] PackLoader:240 - Cannot read IP mode file for STMicroelectronics.X-CUBE-AI.8.0.0
2023-03-23 15:32:34,589 [WARN] PackLoader:240 - Cannot read IP mode file for STMicroelectronics.X-CUBE-FREERTOS.1.0.0
2023-03-23 15:32:34,598 [WARN] PackLoader:240 - Cannot read IP mode file for STMicroelectronics.X-CUBE-TOUCHGFX.4.21.1
2023-03-23 15:32:34,610 [WARN] PackLoader:240 - Cannot read IP mode file for STMicroelectronics.X-CUBE-ALGOBUILD.1.3.0
2023-03-23 15:32:34,640 [WARN] PackLoader:240 - Cannot read IP mode file for STMicroelectronics.X-CUBE-AZRTOS-L5.1.1.0
2023-03-23 15:32:34,666 [WARN] PackLoader:240 - Cannot read IP mode file for STMicroelectronics.X-CUBE-AZRTOS-G0.1.1.0
2023-03-23 15:32:34,691 [WARN] PackLoader:240 - Cannot read IP mode file for STMicroelectronics.X-CUBE-SUBG2.5.0.0
2023-03-23 15:32:34,707 [WARN] PackLoader:240 - Cannot read IP mode file for STMicroelectronics.X-CUBE-NFC4.3.0.0
2023-03-23 15:32:34,719 [WARN] PackLoader:240 - Cannot read IP mode file for STMicroelectronics.FP-ATR-ASTRA1.1.1.1
2023-03-23 15:32:34,729 [WARN] PackLoader:240 - Cannot read IP mode file for STMicroelectronics.X-CUBE-BLEMGR.1.3.0
2023-03-23 15:32:34,756 [WARN] PackLoader:240 - Cannot read IP mode file for STMicroelectronics.X-CUBE-AZRTOS-G4.1.0.0
2023-03-23 15:32:34,769 [WARN] PackLoader:240 - Cannot read IP mode file for STMicroelectronics.FP-ATR-SIGFOX1.3.2.0
2023-03-23 15:32:34,794 [WARN] PackLoader:240 - Cannot read IP mode file for STMicroelectronics.X-CUBE-AZRTOS-L4.1.0.0
2023-03-23 15:32:34,812 [WARN] PackLoader:240 - Cannot read IP mode file for STMicroelectronics.X-CUBE-AZRTOS-WL.1.0.0
2023-03-23 15:32:34,821 [WARN] PackLoader:240 - Cannot read IP mode file for portGmbH.I-Cube-SoM-uGOAL.1.1.0
2023-03-23 15:32:34,828 [WARN] PackLoader:240 - Cannot read IP mode file for STMicroelectronics.X-CUBE-ALS.1.0.1
2023-03-23 15:32:34,863 [WARN] PackLoader:240 - Cannot read IP mode file for STMicroelectronics.X-CUBE-MEMS1.9.5.0
2023-03-23 15:32:34,967 [WARN] PackLoader:240 - Cannot read IP mode file for STMicroelectronics.X-CUBE-AZRTOS-WB.1.1.0
2023-03-23 15:32:34,992 [WARN] PackLoader:240 - Cannot read IP mode file for SEGGER.I-CUBE-embOS.1.3.1
2023-03-23 15:32:35,022 [INFO] ThirdParty:978 - Integrity check success = true
2023-03-23 15:32:35,022 [INFO] IntegrityCheckThread:100 - exiting critical section [integrity check]
2023-03-23 15:32:35,022 [INFO] IntegrityCheckThread:103 - End integrity checks thread
2023-03-23 15:42:25,542 [INFO] Activator:176 - 


2023-03-23 15:42:25,543 [INFO] Activator:177 - !SESSION log4j initialized
2023-03-23 15:42:29,441 [INFO] LogOutputStream:77 - [STDOUT_REDIRECT] 
2023-03-23 15:42:48,533 [ERROR] LogOutputStream:75 - [STDERR_REDIRECT] SLF4J: Failed to load class "org.slf4j.impl.StaticLoggerBinder".
2023-03-23 15:42:48,534 [ERROR] LogOutputStream:75 - [STDERR_REDIRECT] SLF4J: Defaulting to no-operation (NOP) logger implementation
2023-03-23 15:42:48,535 [ERROR] LogOutputStream:75 - [STDERR_REDIRECT] SLF4J: See http://www.slf4j.org/codes.html#StaticLoggerBinder for further details.
